2025-11-15 02:47:42 - keyboard_smashers.models.user_model - ERROR - set_password:69 - Error setting password for user test_user: Password must be at least 8 characters long
2025-11-15 02:47:42 - keyboard_smashers.models.user_model - ERROR - set_password:69 - Error setting password for user test_user: Password must contain at least one digit.
2025-11-15 02:47:42 - keyboard_smashers.models.user_model - ERROR - set_password:69 - Error setting password for user test_user: Password must contain at least one special character.
2025-11-15 02:47:42 - keyboard_smashers.models.user_model - ERROR - set_password:69 - Error setting password for user test_user: Password must contain at least one uppercase letter.
2025-11-15 02:47:42 - keyboard_smashers.models.user_model - ERROR - set_password:69 - Error setting password for user test_user: Password must contain at least one lowercase letter.
2025-11-15 02:59:45 - keyboard_smashers.models.user_model - ERROR - set_password:69 - Error setting password for user test_user: Password must be at least 8 characters long
2025-11-15 02:59:45 - keyboard_smashers.models.user_model - ERROR - set_password:69 - Error setting password for user test_user: Password must contain at least one digit.
2025-11-15 02:59:45 - keyboard_smashers.models.user_model - ERROR - set_password:69 - Error setting password for user test_user: Password must contain at least one special character.
2025-11-15 02:59:45 - keyboard_smashers.models.user_model - ERROR - set_password:69 - Error setting password for user test_user: Password must contain at least one uppercase letter.
2025-11-15 02:59:45 - keyboard_smashers.models.user_model - ERROR - set_password:69 - Error setting password for user test_user: Password must contain at least one lowercase letter.
2025-11-15 03:07:30 - keyboard_smashers.models.user_model - ERROR - set_password:74 - Error setting password for user test_user: Password must be at least 8 characters long
2025-11-15 03:07:30 - keyboard_smashers.models.user_model - ERROR - set_password:74 - Error setting password for user test_user: Password must contain at least one digit.
2025-11-15 03:07:30 - keyboard_smashers.models.user_model - ERROR - set_password:74 - Error setting password for user test_user: Password must contain at least one special character.
2025-11-15 03:07:30 - keyboard_smashers.models.user_model - ERROR - set_password:74 - Error setting password for user test_user: Password must contain at least one uppercase letter.
2025-11-15 03:07:30 - keyboard_smashers.models.user_model - ERROR - set_password:74 - Error setting password for user test_user: Password must contain at least one lowercase letter.
2025-11-15 03:11:28 - keyboard_smashers.models.user_model - ERROR - set_password:74 - Error setting password for user test_user: Password must be at least 8 characters long
2025-11-15 03:11:28 - keyboard_smashers.models.user_model - ERROR - set_password:74 - Error setting password for user test_user: Password must contain at least one digit.
2025-11-15 03:11:28 - keyboard_smashers.models.user_model - ERROR - set_password:74 - Error setting password for user test_user: Password must contain at least one special character.
2025-11-15 03:11:28 - keyboard_smashers.models.user_model - ERROR - set_password:74 - Error setting password for user test_user: Password must contain at least one uppercase letter.
2025-11-15 03:11:28 - keyboard_smashers.models.user_model - ERROR - set_password:74 - Error setting password for user test_user: Password must contain at least one lowercase letter.
2025-11-20 15:46:56 - keyboard_smashers.controllers.movie_controller - ERROR - get_movie_by_id:70 - Movie not found: nonexistent_id_12345
2025-11-20 15:46:56 - keyboard_smashers.models.user_model - ERROR - set_password:68 - Error setting password for usertest_user: Password must be at least 8 characters long
2025-11-20 15:46:56 - keyboard_smashers.models.user_model - ERROR - set_password:68 - Error setting password for usertest_user: Password must contain at least one digit.
2025-11-20 15:46:56 - keyboard_smashers.models.user_model - ERROR - set_password:68 - Error setting password for usertest_user: Password must contain at least one special character.
2025-11-20 15:46:56 - keyboard_smashers.models.user_model - ERROR - set_password:68 - Error setting password for usertest_user: Password must contain at least one uppercase letter.
2025-11-20 15:46:56 - keyboard_smashers.models.user_model - ERROR - set_password:68 - Error setting password for usertest_user: Password must contain at least one lowercase letter.
2025-11-20 15:46:56 - keyboard_smashers.controllers.movie_controller - ERROR - get_movie_by_id:70 - Movie not found: 999
2025-11-20 15:46:56 - keyboard_smashers.controllers.movie_controller - ERROR - update_movie:105 - Movie not found for update: 999
2025-11-20 15:46:56 - keyboard_smashers.controllers.movie_controller - ERROR - delete_movie:147 - Movie not found for deletion: 999
2025-11-20 15:48:43 - keyboard_smashers.controllers.movie_controller - ERROR - get_movie_by_id:70 - Movie not found: nonexistent_id_12345
2025-11-20 15:48:44 - keyboard_smashers.models.user_model - ERROR - set_password:68 - Error setting password for usertest_user: Password must be at least 8 characters long
2025-11-20 15:48:44 - keyboard_smashers.models.user_model - ERROR - set_password:68 - Error setting password for usertest_user: Password must contain at least one digit.
2025-11-20 15:48:44 - keyboard_smashers.models.user_model - ERROR - set_password:68 - Error setting password for usertest_user: Password must contain at least one special character.
2025-11-20 15:48:44 - keyboard_smashers.models.user_model - ERROR - set_password:68 - Error setting password for usertest_user: Password must contain at least one uppercase letter.
2025-11-20 15:48:44 - keyboard_smashers.models.user_model - ERROR - set_password:68 - Error setting password for usertest_user: Password must contain at least one lowercase letter.
2025-11-20 15:48:44 - keyboard_smashers.controllers.movie_controller - ERROR - get_movie_by_id:70 - Movie not found: 999
2025-11-20 15:48:44 - keyboard_smashers.controllers.movie_controller - ERROR - update_movie:105 - Movie not found for update: 999
2025-11-20 15:48:44 - keyboard_smashers.controllers.movie_controller - ERROR - delete_movie:147 - Movie not found for deletion: 999
2025-11-20 15:48:57 - keyboard_smashers.controllers.movie_controller - ERROR - get_movie_by_id:70 - Movie not found: nonexistent_id_12345
2025-11-20 15:48:58 - keyboard_smashers.models.user_model - ERROR - set_password:68 - Error setting password for usertest_user: Password must be at least 8 characters long
2025-11-20 15:48:58 - keyboard_smashers.models.user_model - ERROR - set_password:68 - Error setting password for usertest_user: Password must contain at least one digit.
2025-11-20 15:48:58 - keyboard_smashers.models.user_model - ERROR - set_password:68 - Error setting password for usertest_user: Password must contain at least one special character.
2025-11-20 15:48:58 - keyboard_smashers.models.user_model - ERROR - set_password:68 - Error setting password for usertest_user: Password must contain at least one uppercase letter.
2025-11-20 15:48:58 - keyboard_smashers.models.user_model - ERROR - set_password:68 - Error setting password for usertest_user: Password must contain at least one lowercase letter.
2025-11-20 15:48:58 - keyboard_smashers.controllers.movie_controller - ERROR - get_movie_by_id:70 - Movie not found: 999
2025-11-20 15:48:58 - keyboard_smashers.controllers.movie_controller - ERROR - update_movie:105 - Movie not found for update: 999
2025-11-20 15:48:58 - keyboard_smashers.controllers.movie_controller - ERROR - delete_movie:147 - Movie not found for deletion: 999
2025-11-20 15:52:52 - keyboard_smashers.controllers.movie_controller - ERROR - get_movie_by_id:70 - Movie not found: nonexistent_id_12345
2025-11-20 15:52:52 - keyboard_smashers.models.user_model - ERROR - set_password:68 - Error setting password for usertest_user: Password must be at least 8 characters long
2025-11-20 15:52:52 - keyboard_smashers.models.user_model - ERROR - set_password:68 - Error setting password for usertest_user: Password must contain at least one digit.
2025-11-20 15:52:53 - keyboard_smashers.models.user_model - ERROR - set_password:68 - Error setting password for usertest_user: Password must contain at least one special character.
2025-11-20 15:52:53 - keyboard_smashers.models.user_model - ERROR - set_password:68 - Error setting password for usertest_user: Password must contain at least one uppercase letter.
2025-11-20 15:52:53 - keyboard_smashers.models.user_model - ERROR - set_password:68 - Error setting password for usertest_user: Password must contain at least one lowercase letter.
2025-11-20 15:52:53 - keyboard_smashers.controllers.movie_controller - ERROR - get_movie_by_id:70 - Movie not found: 999
2025-11-20 15:52:53 - keyboard_smashers.controllers.movie_controller - ERROR - update_movie:105 - Movie not found for update: 999
2025-11-20 15:52:53 - keyboard_smashers.controllers.movie_controller - ERROR - delete_movie:147 - Movie not found for deletion: 999
2025-11-20 15:53:49 - keyboard_smashers.controllers.movie_controller - ERROR - get_movie_by_id:70 - Movie not found: nonexistent_id_12345
2025-11-20 15:53:49 - keyboard_smashers.controllers.movie_controller - ERROR - update_movie:105 - Movie not found for update: nonexistent_id_xyz
2025-11-20 15:53:49 - keyboard_smashers.controllers.movie_controller - ERROR - delete_movie:147 - Movie not found for deletion: nonexistent_id_abc
2025-11-20 15:53:50 - keyboard_smashers.models.user_model - ERROR - set_password:68 - Error setting password for usertest_user: Password must be at least 8 characters long
2025-11-20 15:53:50 - keyboard_smashers.models.user_model - ERROR - set_password:68 - Error setting password for usertest_user: Password must contain at least one digit.
2025-11-20 15:53:50 - keyboard_smashers.models.user_model - ERROR - set_password:68 - Error setting password for usertest_user: Password must contain at least one special character.
2025-11-20 15:53:50 - keyboard_smashers.models.user_model - ERROR - set_password:68 - Error setting password for usertest_user: Password must contain at least one uppercase letter.
2025-11-20 15:53:50 - keyboard_smashers.models.user_model - ERROR - set_password:68 - Error setting password for usertest_user: Password must contain at least one lowercase letter.
2025-11-20 15:53:50 - keyboard_smashers.controllers.movie_controller - ERROR - get_movie_by_id:70 - Movie not found: 999
2025-11-20 15:53:50 - keyboard_smashers.controllers.movie_controller - ERROR - update_movie:105 - Movie not found for update: 999
2025-11-20 15:53:50 - keyboard_smashers.controllers.movie_controller - ERROR - delete_movie:147 - Movie not found for deletion: 999
2025-11-20 15:56:56 - keyboard_smashers.controllers.movie_controller - ERROR - get_movie_by_id:70 - Movie not found: nonexistent_id_12345
2025-11-20 15:56:57 - keyboard_smashers.controllers.movie_controller - ERROR - update_movie:105 - Movie not found for update: nonexistent_id_xyz
2025-11-20 15:56:57 - keyboard_smashers.controllers.movie_controller - ERROR - delete_movie:147 - Movie not found for deletion: nonexistent_id_abc
2025-11-20 15:56:57 - keyboard_smashers.models.user_model - ERROR - set_password:68 - Error setting password for usertest_user: Password must be at least 8 characters long
2025-11-20 15:56:57 - keyboard_smashers.models.user_model - ERROR - set_password:68 - Error setting password for usertest_user: Password must contain at least one digit.
2025-11-20 15:56:57 - keyboard_smashers.models.user_model - ERROR - set_password:68 - Error setting password for usertest_user: Password must contain at least one special character.
2025-11-20 15:56:57 - keyboard_smashers.models.user_model - ERROR - set_password:68 - Error setting password for usertest_user: Password must contain at least one uppercase letter.
2025-11-20 15:56:57 - keyboard_smashers.models.user_model - ERROR - set_password:68 - Error setting password for usertest_user: Password must contain at least one lowercase letter.
2025-11-20 15:56:57 - keyboard_smashers.controllers.movie_controller - ERROR - get_movie_by_id:70 - Movie not found: 999
2025-11-20 15:56:57 - keyboard_smashers.controllers.movie_controller - ERROR - update_movie:105 - Movie not found for update: 999
2025-11-20 15:56:57 - keyboard_smashers.controllers.movie_controller - ERROR - delete_movie:147 - Movie not found for deletion: 999
2025-11-20 15:57:21 - keyboard_smashers.controllers.movie_controller - ERROR - get_movie_by_id:70 - Movie not found: nonexistent_id_12345
2025-11-20 15:57:22 - keyboard_smashers.controllers.movie_controller - ERROR - update_movie:105 - Movie not found for update: nonexistent_id_xyz
2025-11-20 15:57:22 - keyboard_smashers.controllers.movie_controller - ERROR - delete_movie:147 - Movie not found for deletion: nonexistent_id_abc
2025-11-20 15:57:22 - keyboard_smashers.models.user_model - ERROR - set_password:68 - Error setting password for usertest_user: Password must be at least 8 characters long
2025-11-20 15:57:22 - keyboard_smashers.models.user_model - ERROR - set_password:68 - Error setting password for usertest_user: Password must contain at least one digit.
2025-11-20 15:57:22 - keyboard_smashers.models.user_model - ERROR - set_password:68 - Error setting password for usertest_user: Password must contain at least one special character.
2025-11-20 15:57:22 - keyboard_smashers.models.user_model - ERROR - set_password:68 - Error setting password for usertest_user: Password must contain at least one uppercase letter.
2025-11-20 15:57:22 - keyboard_smashers.models.user_model - ERROR - set_password:68 - Error setting password for usertest_user: Password must contain at least one lowercase letter.
2025-11-20 15:57:22 - keyboard_smashers.controllers.movie_controller - ERROR - get_movie_by_id:70 - Movie not found: 999
2025-11-20 15:57:22 - keyboard_smashers.controllers.movie_controller - ERROR - update_movie:105 - Movie not found for update: 999
2025-11-20 15:57:22 - keyboard_smashers.controllers.movie_controller - ERROR - delete_movie:147 - Movie not found for deletion: 999
2025-11-20 15:58:29 - keyboard_smashers.controllers.movie_controller - ERROR - get_movie_by_id:70 - Movie not found: nonexistent_id_12345
2025-11-20 15:58:29 - keyboard_smashers.controllers.movie_controller - ERROR - update_movie:105 - Movie not found for update: nonexistent_id_xyz
2025-11-20 15:58:29 - keyboard_smashers.controllers.movie_controller - ERROR - delete_movie:147 - Movie not found for deletion: nonexistent_id_abc
2025-11-20 15:58:30 - keyboard_smashers.models.user_model - ERROR - set_password:68 - Error setting password for usertest_user: Password must be at least 8 characters long
2025-11-20 15:58:30 - keyboard_smashers.models.user_model - ERROR - set_password:68 - Error setting password for usertest_user: Password must contain at least one digit.
2025-11-20 15:58:30 - keyboard_smashers.models.user_model - ERROR - set_password:68 - Error setting password for usertest_user: Password must contain at least one special character.
2025-11-20 15:58:30 - keyboard_smashers.models.user_model - ERROR - set_password:68 - Error setting password for usertest_user: Password must contain at least one uppercase letter.
2025-11-20 15:58:30 - keyboard_smashers.models.user_model - ERROR - set_password:68 - Error setting password for usertest_user: Password must contain at least one lowercase letter.
2025-11-20 15:58:30 - keyboard_smashers.controllers.movie_controller - ERROR - get_movie_by_id:70 - Movie not found: 999
2025-11-20 15:58:30 - keyboard_smashers.controllers.movie_controller - ERROR - update_movie:105 - Movie not found for update: 999
2025-11-20 15:58:30 - keyboard_smashers.controllers.movie_controller - ERROR - delete_movie:147 - Movie not found for deletion: 999
